2023-06-01 15:36:14 0 [Note] Starting MariaDB 10.4.28-MariaDB source revision c8f2e9a5c0ac5905f28b050b7df5a9ffd914b7e7 as process 1156
2023-06-01 15:36:14 0 [Note] InnoDB: Mutexes and rw_locks use Windows interlocked functions
2023-06-01 15:36:14 0 [Note] InnoDB: Uses event mutexes
2023-06-01 15:36:14 0 [Note] InnoDB: Compressed tables use zlib 1.2.12
2023-06-01 15:36:14 0 [Note] InnoDB: Number of pools: 1
2023-06-01 15:36:14 0 [Note] InnoDB: Using SSE2 crc32 instructions
2023-06-01 15:36:14 0 [Note] InnoDB: Initializing buffer pool, total size = 16M, instances = 1, chunk size = 16M
2023-06-01 15:36:14 0 [Note] InnoDB: Completed initialization of buffer pool
2023-06-01 15:36:15 0 [Note] InnoDB: Starting crash recovery from checkpoint LSN=300288
2023-06-09 19:42:52 0 [Note] Starting MariaDB 10.4.28-MariaDB source revision c8f2e9a5c0ac5905f28b050b7df5a9ffd914b7e7 as process 7932
2023-06-09 19:42:52 0 [Note] InnoDB: Mutexes and rw_locks use Windows interlocked functions
2023-06-09 19:42:52 0 [Note] InnoDB: Uses event mutexes
2023-06-09 19:42:52 0 [Note] InnoDB: Compressed tables use zlib 1.2.12
2023-06-09 19:42:52 0 [Note] InnoDB: Number of pools: 1
2023-06-09 19:42:52 0 [Note] InnoDB: Using SSE2 crc32 instructions
2023-06-09 19:42:52 0 [Note] InnoDB: Initializing buffer pool, total size = 16M, instances = 1, chunk size = 16M
2023-06-09 19:42:52 0 [Note] InnoDB: Completed initialization of buffer pool
2023-06-09 19:42:53 0 [Note] InnoDB: Starting crash recovery from checkpoint LSN=300288
2023-06-09 19:42:58 0 [Note] InnoDB: 128 out of 128 rollback segments are active.
2023-06-09 19:42:58 0 [Note] InnoDB: Removed temporary tablespace data file: "ibtmp1"
2023-06-09 19:42:58 0 [Note] InnoDB: Creating shared tablespace for temporary tables
2023-06-09 19:42:58 0 [Note] InnoDB: Setting file 'C:\Users\HP\Desktop\xamp rehearsal\mysql\data\ibtmp1' size to 12 MB. Physically writing the file full; Please wait ...
2023-06-09 19:42:58 0 [Note] InnoDB: File 'C:\Users\HP\Desktop\xamp rehearsal\mysql\data\ibtmp1' size is now 12 MB.
2023-06-09 19:42:58 0 [Note] InnoDB: Waiting for purge to start
2023-06-09 19:42:58 0 [Note] InnoDB: 10.4.28 started; log sequence number 300297; transaction id 170
2023-06-09 19:42:58 0 [Note] InnoDB: Loading buffer pool(s) from C:\Users\HP\Desktop\xamp rehearsal\mysql\data\ib_buffer_pool
2023-06-09 19:42:58 0 [Note] Plugin 'FEEDBACK' is disabled.
2023-06-09 19:42:58 0 [Note] Server socket created on IP: '::'.
2023-06-12 16:15:26 0 [Note] Starting MariaDB 10.4.28-MariaDB source revision c8f2e9a5c0ac5905f28b050b7df5a9ffd914b7e7 as process 14436
2023-06-12 16:15:26 0 [Note] InnoDB: Mutexes and rw_locks use Windows interlocked functions
2023-06-12 16:15:26 0 [Note] InnoDB: Uses event mutexes
2023-06-12 16:15:26 0 [Note] InnoDB: Compressed tables use zlib 1.2.12
2023-06-12 16:15:26 0 [Note] InnoDB: Number of pools: 1
2023-06-12 16:15:26 0 [Note] InnoDB: Using SSE2 crc32 instructions
2023-06-12 16:15:26 0 [Note] InnoDB: Initializing buffer pool, total size = 16M, instances = 1, chunk size = 16M
2023-06-12 16:15:26 0 [Note] InnoDB: Completed initialization of buffer pool
2023-06-12 16:15:26 0 [Note] InnoDB: Starting crash recovery from checkpoint LSN=426576
2023-06-12 16:15:27 0 [Note] InnoDB: 128 out of 128 rollback segments are active.
2023-06-12 16:15:27 0 [Note] InnoDB: Removed temporary tablespace data file: "ibtmp1"
2023-06-12 16:15:27 0 [Note] InnoDB: Creating shared tablespace for temporary tables
2023-06-12 16:15:27 0 [Note] InnoDB: Setting file 'C:\Users\HP\Desktop\xamp rehearsal\mysql\data\ibtmp1' size to 12 MB. Physically writing the file full; Please wait ...
2023-06-12 16:15:27 0 [Note] InnoDB: File 'C:\Users\HP\Desktop\xamp rehearsal\mysql\data\ibtmp1' size is now 12 MB.
2023-06-12 16:15:27 0 [Note] InnoDB: Waiting for purge to start
2023-06-12 16:15:27 0 [Note] InnoDB: 10.4.28 started; log sequence number 426585; transaction id 437
2023-06-12 16:15:27 0 [Note] InnoDB: Loading buffer pool(s) from C:\Users\HP\Desktop\xamp rehearsal\mysql\data\ib_buffer_pool
2023-06-12 16:15:27 0 [Note] Plugin 'FEEDBACK' is disabled.
2023-06-12 16:15:27 0 [Note] Server socket created on IP: '::'.
2023-06-12 19:37:00 0 [Note] Starting MariaDB 10.4.28-MariaDB source revision c8f2e9a5c0ac5905f28b050b7df5a9ffd914b7e7 as process 11720
2023-06-12 19:37:00 0 [Note] InnoDB: Mutexes and rw_locks use Windows interlocked functions
2023-06-12 19:37:00 0 [Note] InnoDB: Uses event mutexes
2023-06-12 19:37:00 0 [Note] InnoDB: Compressed tables use zlib 1.2.12
2023-06-12 19:37:00 0 [Note] InnoDB: Number of pools: 1
2023-06-12 19:37:00 0 [Note] InnoDB: Using SSE2 crc32 instructions
2023-06-12 19:37:00 0 [Note] InnoDB: Initializing buffer pool, total size = 16M, instances = 1, chunk size = 16M
2023-06-12 19:37:00 0 [Note] InnoDB: Completed initialization of buffer pool
2023-06-12 19:37:00 0 [Note] InnoDB: Starting crash recovery from checkpoint LSN=431723
2023-06-12 19:37:00 0 [Note] InnoDB: 128 out of 128 rollback segments are active.
2023-06-12 19:37:00 0 [Note] InnoDB: Removed temporary tablespace data file: "ibtmp1"
2023-06-12 19:37:00 0 [Note] InnoDB: Creating shared tablespace for temporary tables
2023-06-12 19:37:00 0 [Note] InnoDB: Setting file 'C:\Users\HP\Desktop\xamp rehearsal\mysql\data\ibtmp1' size to 12 MB. Physically writing the file full; Please wait ...
2023-06-12 19:37:00 0 [Note] InnoDB: File 'C:\Users\HP\Desktop\xamp rehearsal\mysql\data\ibtmp1' size is now 12 MB.
2023-06-12 19:37:00 0 [Note] InnoDB: Waiting for purge to start
2023-06-12 19:37:00 0 [Note] InnoDB: 10.4.28 started; log sequence number 431732; transaction id 463
2023-06-12 19:37:00 0 [Note] InnoDB: Loading buffer pool(s) from C:\Users\HP\Desktop\xamp rehearsal\mysql\data\ib_buffer_pool
2023-06-12 19:37:00 0 [Note] Plugin 'FEEDBACK' is disabled.
2023-06-12 19:37:00 0 [Note] Server socket created on IP: '::'.
2023-06-18  6:57:57 0 [Note] Starting MariaDB 10.4.28-MariaDB source revision c8f2e9a5c0ac5905f28b050b7df5a9ffd914b7e7 as process 10916
2023-06-18  6:57:58 0 [Note] InnoDB: Mutexes and rw_locks use Windows interlocked functions
2023-06-18  6:57:58 0 [Note] InnoDB: Uses event mutexes
2023-06-18  6:57:58 0 [Note] InnoDB: Compressed tables use zlib 1.2.12
2023-06-18  6:57:59 0 [Note] InnoDB: Number of pools: 1
2023-06-18  6:57:59 0 [Note] InnoDB: Using SSE2 crc32 instructions
2023-06-18  6:57:59 0 [Note] InnoDB: Initializing buffer pool, total size = 16M, instances = 1, chunk size = 16M
2023-06-18  6:57:59 0 [Note] InnoDB: Completed initialization of buffer pool
2023-06-18  6:58:00 0 [Note] InnoDB: Starting crash recovery from checkpoint LSN=431741
2023-06-18  6:58:02 0 [Note] InnoDB: 128 out of 128 rollback segments are active.
2023-06-18  6:58:03 0 [Note] InnoDB: Removed temporary tablespace data file: "ibtmp1"
2023-06-18  6:58:03 0 [Note] InnoDB: Creating shared tablespace for temporary tables
2023-06-18  6:58:03 0 [Note] InnoDB: Setting file 'C:\Users\HP\Desktop\xamp rehearsal\mysql\data\ibtmp1' size to 12 MB. Physically writing the file full; Please wait ...
2023-06-18  6:58:03 0 [Note] InnoDB: File 'C:\Users\HP\Desktop\xamp rehearsal\mysql\data\ibtmp1' size is now 12 MB.
2023-06-18  6:58:03 0 [Note] InnoDB: Waiting for purge to start
2023-06-18  6:58:03 0 [Note] InnoDB: Waiting for purge to start
2023-06-18  6:58:03 0 [Note] InnoDB: 10.4.28 started; log sequence number 431750; transaction id 463
2023-06-18  6:58:03 0 [Note] InnoDB: Loading buffer pool(s) from C:\Users\HP\Desktop\xamp rehearsal\mysql\data\ib_buffer_pool
2023-06-18  6:58:04 0 [Note] Plugin 'FEEDBACK' is disabled.
2023-06-18  6:58:05 0 [Note] InnoDB: Buffer pool(s) load completed at 230618  6:58:05
2023-06-18  6:58:06 0 [Note] Server socket created on IP: '::'.
2023-06-20  7:09:45 0 [Note] Starting MariaDB 10.4.28-MariaDB source revision c8f2e9a5c0ac5905f28b050b7df5a9ffd914b7e7 as process 10136
2023-06-20  7:09:45 0 [Note] InnoDB: Mutexes and rw_locks use Windows interlocked functions
2023-06-20  7:09:45 0 [Note] InnoDB: Uses event mutexes
2023-06-20  7:09:45 0 [Note] InnoDB: Compressed tables use zlib 1.2.12
2023-06-20  7:09:45 0 [Note] InnoDB: Number of pools: 1
2023-06-20  7:09:45 0 [Note] InnoDB: Using SSE2 crc32 instructions
2023-06-20  7:09:46 0 [Note] InnoDB: Initializing buffer pool, total size = 16M, instances = 1, chunk size = 16M
2023-06-20  7:09:46 0 [Note] InnoDB: Completed initialization of buffer pool
2023-06-20  7:09:47 0 [Note] InnoDB: Starting crash recovery from checkpoint LSN=544172
2023-06-20  7:09:49 0 [Note] InnoDB: 128 out of 128 rollback segments are active.
2023-06-20  7:09:49 0 [Note] InnoDB: Removed temporary tablespace data file: "ibtmp1"
2023-06-20  7:09:49 0 [Note] InnoDB: Creating shared tablespace for temporary tables
2023-06-20  7:09:49 0 [Note] InnoDB: Setting file 'C:\Users\HP\Desktop\xamp rehearsal\mysql\data\ibtmp1' size to 12 MB. Physically writing the file full; Please wait ...
2023-06-20  7:09:49 0 [Note] InnoDB: File 'C:\Users\HP\Desktop\xamp rehearsal\mysql\data\ibtmp1' size is now 12 MB.
2023-06-20  7:09:49 0 [Note] InnoDB: Waiting for purge to start
2023-06-20  7:09:49 0 [Note] InnoDB: Waiting for purge to start
2023-06-20  7:09:49 0 [Note] InnoDB: Waiting for purge to start
2023-06-20  7:09:49 0 [Note] InnoDB: Waiting for purge to start
2023-06-20  7:09:49 0 [Note] InnoDB: Waiting for purge to start
2023-06-20  7:09:49 0 [Note] InnoDB: Waiting for purge to start
2023-06-20  7:09:49 0 [Note] InnoDB: Waiting for purge to start
2023-06-20  7:09:49 0 [Note] InnoDB: 10.4.28 started; log sequence number 544181; transaction id 913
2023-06-20  7:09:50 0 [Note] InnoDB: Loading buffer pool(s) from C:\Users\HP\Desktop\xamp rehearsal\mysql\data\ib_buffer_pool
2023-06-20  7:09:50 0 [Note] Plugin 'FEEDBACK' is disabled.
2023-06-20  7:09:50 0 [Note] InnoDB: Buffer pool(s) load completed at 230620  7:09:50
2023-06-20  7:09:51 0 [Note] Server socket created on IP: '::'.
